0 info it worked if it ends with ok
1 verbose cli [ '/usr/local/bin/node', '/usr/local/bin/npm', 'start' ]
2 info using npm@3.9.5
3 info using node@v4.2.2
4 verbose run-script [ 'prestart', 'start', 'poststart' ]
5 info lifecycle ghsa_foundation@1.0.0~prestart: ghsa_foundation@1.0.0
6 silly lifecycle ghsa_foundation@1.0.0~prestart: no script for prestart, continuing
7 info lifecycle ghsa_foundation@1.0.0~start: ghsa_foundation@1.0.0
8 verbose lifecycle ghsa_foundation@1.0.0~start: unsafe-perm in lifecycle true
9 verbose lifecycle ghsa_foundation@1.0.0~start: PATH: /usr/local/lib/node_modules/npm/bin/node-gyp-bin:/Users/CC/Sites/devdesktop/ghsa-dev/docroot/themes/ghsa_foundation/node_modules/.bin:/usr/local/bin:/Users/CC/.rvm/gems/ruby-2.2.1/bin:/Users/CC/.rvm/gems/ruby-2.2.1@global/bin:/Users/CC/.rvm/rubies/ruby-2.2.1/bin:/Users/CC/.composer/vendor/bin:/Users/CC/bin:/Users/CC/.rvm/bin:/Applications/DevDesktop/drush:/Applications/DevDesktop/drush:/usr/local/bin:/usr/bin:/bin:/usr/sbin:/sbin:/opt/ImageMagick/bin
10 verbose lifecycle ghsa_foundation@1.0.0~start: CWD: /Users/CC/Sites/devdesktop/ghsa-dev/docroot/themes/ghsa_foundation
11 silly lifecycle ghsa_foundation@1.0.0~start: Args: [ '-c', 'gulp' ]
12 silly lifecycle ghsa_foundation@1.0.0~start: Returned: code: 1  signal: null
13 info lifecycle ghsa_foundation@1.0.0~start: Failed to exec start script
14 verbose stack Error: ghsa_foundation@1.0.0 start: `gulp`
14 verbose stack Exit status 1
14 verbose stack     at EventEmitter.<anonymous> (/usr/local/lib/node_modules/npm/lib/utils/lifecycle.js:245:16)
14 verbose stack     at emitTwo (events.js:87:13)
14 verbose stack     at EventEmitter.emit (events.js:172:7)
14 verbose stack     at ChildProcess.<anonymous> (/usr/local/lib/node_modules/npm/lib/utils/spawn.js:24:14)
14 verbose stack     at emitTwo (events.js:87:13)
14 verbose stack     at ChildProcess.emit (events.js:172:7)
14 verbose stack     at maybeClose (internal/child_process.js:818:16)
14 verbose stack     at Process.ChildProcess._handle.onexit (internal/child_process.js:211:5)
15 verbose pkgid ghsa_foundation@1.0.0
16 verbose cwd /Users/CC/Sites/devdesktop/ghsa-dev/docroot/themes/ghsa_foundation
17 error Darwin 15.6.0
18 error argv "/usr/local/bin/node" "/usr/local/bin/npm" "start"
19 error node v4.2.2
20 error npm  v3.9.5
21 error code ELIFECYCLE
22 error ghsa_foundation@1.0.0 start: `gulp`
22 error Exit status 1
23 error Failed at the ghsa_foundation@1.0.0 start script 'gulp'.
23 error Make sure you have the latest version of node.js and npm installed.
23 error If you do, this is most likely a problem with the ghsa_foundation package,
23 error not with npm itself.
23 error Tell the author that this fails on your system:
23 error     gulp
23 error You can get information on how to open an issue for this project with:
23 error     npm bugs ghsa_foundation
23 error Or if that isn't available, you can get their info via:
23 error     npm owner ls ghsa_foundation
23 error There is likely additional logging output above.
24 verbose exit [ 1, true ]
